TN:
SF:src/index.ts
FNF:0
FNH:0
DA:1,1
DA:2,1
DA:3,1
DA:4,1
DA:5,1
DA:6,1
DA:7,1
DA:8,1
DA:9,1
DA:10,1
DA:11,1
LF:11
LH:11
BRF:0
BRH:0
end_of_record
TN:
SF:src/modules/users/model/User.ts
FN:17,User
FNF:1
FNH:1
FNDA:16,User
DA:1,1
DA:2,1
DA:3,3
DA:4,3
DA:5,3
DA:6,3
DA:7,3
DA:8,3
DA:9,3
DA:10,3
DA:11,3
DA:12,3
DA:13,3
DA:14,3
DA:15,3
DA:16,3
DA:17,3
DA:18,16
DA:19,16
DA:20,16
DA:21,16
DA:22,16
DA:23,16
DA:24,16
DA:25,16
DA:26,16
DA:27,16
DA:28,16
DA:29,16
DA:30,16
DA:31,16
DA:32,16
DA:33,3
DA:34,1
DA:35,1
LF:35
LH:35
BRDA:3,0,0,3
BRDA:17,1,0,16
BRF:2
BRH:2
end_of_record
TN:
SF:src/modules/users/repositories/implementations/UsersRepository.ts
FN:9,UsersRepository
FN:13,Object.<anonymous>.UsersRepository.getInstance
FN:21,Object.<anonymous>.UsersRepository.create
FN:35,Object.<anonymous>.UsersRepository.findById
FN:41,Object.<anonymous>.UsersRepository.findByEmail
FN:47,Object.<anonymous>.UsersRepository.turnAdmin
FN:64,Object.<anonymous>.UsersRepository.list
FNF:7
FNH:7
FNDA:3,UsersRepository
FNDA:11,Object.<anonymous>.UsersRepository.getInstance
FNDA:16,Object.<anonymous>.UsersRepository.create
FNDA:12,Object.<anonymous>.UsersRepository.findById
FNDA:3,Object.<anonymous>.UsersRepository.findByEmail
FNDA:4,Object.<anonymous>.UsersRepository.turnAdmin
FNDA:3,Object.<anonymous>.UsersRepository.list
DA:1,1
DA:2,1
DA:3,1
DA:4,3
DA:5,3
DA:6,3
DA:7,3
DA:8,3
DA:9,3
DA:10,3
DA:11,3
DA:12,3
DA:13,3
DA:14,11
DA:15,3
DA:16,3
DA:17,11
DA:18,11
DA:19,11
DA:20,3
DA:21,3
DA:22,16
DA:23,16
DA:24,16
DA:25,16
DA:26,16
DA:27,16
DA:28,16
DA:29,16
DA:30,16
DA:31,16
DA:32,16
DA:33,16
DA:34,3
DA:35,3
DA:36,12
DA:37,12
DA:38,12
DA:39,12
DA:40,3
DA:41,3
DA:42,3
DA:43,3
DA:44,3
DA:45,3
DA:46,3
DA:47,3
DA:48,4
DA:49,4
DA:50,4
DA:51,4
DA:52,4
DA:53,4
DA:54,4
DA:55,4
DA:56,4
DA:57,4
DA:58,4
DA:59,4
DA:60,4
DA:61,4
DA:62,4
DA:63,3
DA:64,3
DA:65,3
DA:66,3
DA:67,3
DA:68,3
DA:69,1
DA:70,1
LF:70
LH:70
BRDA:4,0,0,3
BRDA:9,1,0,3
BRDA:13,2,0,11
BRDA:14,3,0,3
BRDA:21,4,0,16
BRDA:35,5,0,12
BRDA:37,6,0,46
BRDA:41,7,0,3
BRDA:43,8,0,2
BRDA:47,9,0,4
BRDA:64,10,0,3
BRF:11
BRH:11
end_of_record
TN:
SF:src/modules/users/useCases/createUser/CreateUserController.ts
FN:6,CreateUserController
FN:8,Object.<anonymous>.CreateUserController.handle
FNF:2
FNH:2
FNDA:1,CreateUserController
FNDA:2,Object.<anonymous>.CreateUserController.handle
DA:1,1
DA:2,1
DA:3,1
DA:4,1
DA:5,1
DA:6,1
DA:7,1
DA:8,1
DA:9,2
DA:10,2
DA:11,2
DA:12,2
DA:13,2
DA:14,2
DA:15,2
DA:16,2
DA:17,2
DA:18,2
DA:19,1
DA:20,1
DA:21,2
DA:22,1
DA:23,1
DA:24,1
LF:24
LH:24
BRDA:5,0,0,1
BRDA:6,1,0,1
BRDA:8,2,0,2
BRDA:18,3,0,1
BRF:4
BRH:4
end_of_record
TN:
SF:src/modules/users/useCases/createUser/CreateUserUseCase.ts
FN:10,CreateUserUseCase
FN:12,Object.<anonymous>.CreateUserUseCase.execute
FNF:2
FNH:2
FNDA:2,CreateUserUseCase
FNDA:4,Object.<anonymous>.CreateUserUseCase.execute
DA:1,1
DA:2,1
DA:3,1
DA:4,1
DA:5,1
DA:6,1
DA:7,1
DA:8,1
DA:9,2
DA:10,2
DA:11,2
DA:12,2
DA:13,4
DA:14,4
DA:15,4
DA:16,4
DA:17,2
DA:18,2
DA:19,2
DA:20,2
DA:21,2
DA:22,2
DA:23,2
DA:24,2
DA:25,1
DA:26,1
LF:26
LH:26
BRDA:9,0,0,2
BRDA:10,1,0,2
BRDA:12,2,0,4
BRDA:16,3,0,2
BRF:4
BRH:4
end_of_record
TN:
SF:src/modules/users/useCases/createUser/index.ts
FNF:0
FNH:0
DA:1,1
DA:2,1
DA:3,1
DA:4,1
DA:5,1
DA:6,1
DA:7,1
DA:8,1
DA:9,1
LF:9
LH:9
BRF:0
BRH:0
end_of_record
TN:
SF:src/modules/users/useCases/listAllUsers/ListAllUsersController.ts
FN:6,ListAllUsersController
FN:8,Object.<anonymous>.ListAllUsersController.handle
FNF:2
FNH:2
FNDA:1,ListAllUsersController
FNDA:4,Object.<anonymous>.ListAllUsersController.handle
DA:1,1
DA:2,1
DA:3,1
DA:4,1
DA:5,1
DA:6,1
DA:7,1
DA:8,1
DA:9,4
DA:10,4
DA:11,4
DA:12,4
DA:13,4
DA:14,4
DA:15,4
DA:16,4
DA:17,4
DA:18,4
DA:19,3
DA:20,3
DA:21,4
DA:22,1
DA:23,1
DA:24,1
LF:24
LH:24
BRDA:5,0,0,1
BRDA:6,1,0,1
BRDA:8,2,0,4
BRDA:18,3,0,3
BRF:4
BRH:4
end_of_record
TN:
SF:src/modules/users/useCases/listAllUsers/ListAllUsersUseCase.ts
FN:9,ListAllUsersUseCase
FN:11,Object.<anonymous>.ListAllUsersUseCase.execute
FNF:2
FNH:2
FNDA:2,ListAllUsersUseCase
FNDA:7,Object.<anonymous>.ListAllUsersUseCase.execute
DA:1,1
DA:2,1
DA:3,1
DA:4,1
DA:5,1
DA:6,1
DA:7,1
DA:8,2
DA:9,2
DA:10,2
DA:11,2
DA:12,7
DA:13,7
DA:14,7
DA:15,7
DA:16,2
DA:17,2
DA:18,5
DA:19,3
DA:20,3
DA:21,2
DA:22,2
DA:23,2
DA:24,2
DA:25,2
DA:26,1
DA:27,1
LF:27
LH:27
BRDA:8,0,0,2
BRDA:9,1,0,2
BRDA:11,2,0,7
BRDA:15,3,0,2
BRDA:18,4,0,5
BRDA:18,5,0,3
BRDA:21,6,0,2
BRF:7
BRH:7
end_of_record
TN:
SF:src/modules/users/useCases/listAllUsers/index.ts
FNF:0
FNH:0
DA:1,1
DA:2,1
DA:3,1
DA:4,1
DA:5,1
DA:6,1
DA:7,1
DA:8,1
DA:9,1
LF:9
LH:9
BRF:0
BRH:0
end_of_record
TN:
SF:src/modules/users/useCases/showUserProfile/ShowUserProfileController.ts
FN:6,ShowUserProfileController
FN:8,Object.<anonymous>.ShowUserProfileController.handle
FNF:2
FNH:2
FNDA:1,ShowUserProfileController
FNDA:2,Object.<anonymous>.ShowUserProfileController.handle
DA:1,1
DA:2,1
DA:3,1
DA:4,1
DA:5,1
DA:6,1
DA:7,1
DA:8,1
DA:9,2
DA:10,2
DA:11,2
DA:12,2
DA:13,2
DA:14,2
DA:15,2
DA:16,2
DA:17,1
DA:18,1
DA:19,2
DA:20,1
DA:21,1
DA:22,1
LF:22
LH:22
BRDA:5,0,0,1
BRDA:6,1,0,1
BRDA:8,2,0,2
BRDA:16,3,0,1
BRF:4
BRH:4
end_of_record
TN:
SF:src/modules/users/useCases/showUserProfile/ShowUserProfileUseCase.ts
FN:9,ShowUserProfileUseCase
FN:11,Object.<anonymous>.ShowUserProfileUseCase.execute
FNF:2
FNH:2
FNDA:2,ShowUserProfileUseCase
FNDA:4,Object.<anonymous>.ShowUserProfileUseCase.execute
DA:1,1
DA:2,1
DA:3,1
DA:4,1
DA:5,1
DA:6,1
DA:7,1
DA:8,2
DA:9,2
DA:10,2
DA:11,2
DA:12,4
DA:13,4
DA:14,4
DA:15,4
DA:16,2
DA:17,2
DA:18,2
DA:19,2
DA:20,2
DA:21,2
DA:22,1
DA:23,1
LF:23
LH:23
BRDA:8,0,0,2
BRDA:9,1,0,2
BRDA:11,2,0,4
BRDA:15,3,0,2
BRF:4
BRH:4
end_of_record
TN:
SF:src/modules/users/useCases/showUserProfile/index.ts
FNF:0
FNH:0
DA:1,1
DA:2,1
DA:3,1
DA:4,1
DA:5,1
DA:6,1
DA:7,1
DA:8,1
DA:9,1
DA:10,1
DA:11,1
LF:11
LH:11
BRF:0
BRH:0
end_of_record
TN:
SF:src/modules/users/useCases/turnUserAdmin/TurnUserAdminController.ts
FN:6,TurnUserAdminController
FN:8,Object.<anonymous>.TurnUserAdminController.handle
FNF:2
FNH:2
FNDA:1,TurnUserAdminController
FNDA:2,Object.<anonymous>.TurnUserAdminController.handle
DA:1,1
DA:2,1
DA:3,1
DA:4,1
DA:5,1
DA:6,1
DA:7,1
DA:8,1
DA:9,2
DA:10,2
DA:11,2
DA:12,2
DA:13,2
DA:14,2
DA:15,2
DA:16,2
DA:17,2
DA:18,1
DA:19,1
DA:20,2
DA:21,1
DA:22,1
DA:23,1
LF:23
LH:23
BRDA:5,0,0,1
BRDA:6,1,0,1
BRDA:8,2,0,2
BRDA:17,3,0,1
BRF:4
BRH:4
end_of_record
TN:
SF:src/modules/users/useCases/turnUserAdmin/TurnUserAdminUseCase.ts
FN:9,TurnUserAdminUseCase
FN:11,Object.<anonymous>.TurnUserAdminUseCase.execute
FNF:2
FNH:2
FNDA:2,TurnUserAdminUseCase
FNDA:4,Object.<anonymous>.TurnUserAdminUseCase.execute
DA:1,1
DA:2,1
DA:3,1
DA:4,1
DA:5,1
DA:6,1
DA:7,1
DA:8,2
DA:9,2
DA:10,2
DA:11,2
DA:12,4
DA:13,4
DA:14,4
DA:15,4
DA:16,2
DA:17,2
DA:18,2
DA:19,2
DA:20,2
DA:21,2
DA:22,2
DA:23,2
DA:24,1
DA:25,1
LF:25
LH:25
BRDA:8,0,0,2
BRDA:9,1,0,2
BRDA:11,2,0,4
BRDA:15,3,0,2
BRF:4
BRH:4
end_of_record
TN:
SF:src/modules/users/useCases/turnUserAdmin/index.ts
FNF:0
FNH:0
DA:1,1
DA:2,1
DA:3,1
DA:4,1
DA:5,1
DA:6,1
DA:7,1
DA:8,1
DA:9,1
DA:10,1
DA:11,1
LF:11
LH:11
BRF:0
BRH:0
end_of_record
TN:
SF:src/routes/users.routes.ts
FNF:0
FNH:0
DA:1,1
DA:2,1
DA:3,1
DA:4,1
DA:5,1
DA:6,1
DA:7,1
DA:8,1
DA:9,1
DA:10,1
DA:11,2
DA:12,1
DA:13,1
DA:14,1
DA:15,2
DA:16,1
DA:17,1
DA:18,1
DA:19,2
DA:20,1
DA:21,1
DA:22,1
DA:23,4
DA:24,1
DA:25,1
DA:26,1
LF:26
LH:26
BRDA:10,0,0,2
BRDA:14,1,0,2
BRDA:18,2,0,2
BRDA:22,3,0,4
BRF:4
BRH:4
end_of_record
